c:\users\sarah\csc 481\projects\csc481hw4\csc481hw4server\release\vc142.pdb
c:\users\sarah\csc 481\projects\csc481hw4\csc481hw4server\release\respawning.obj
c:\users\sarah\csc 481\projects\csc481hw4\csc481hw4server\release\repeatedmovement.obj
c:\users\sarah\csc 481\projects\csc481hw4\csc481hw4server\release\rendering.obj
c:\users\sarah\csc 481\projects\csc481hw4\csc481hw4server\release\realtimeline.obj
c:\users\sarah\csc 481\projects\csc481hw4\csc481hw4server\release\property.obj
c:\users\sarah\csc 481\projects\csc481hw4\csc481hw4server\release\positionalupdatehandler.obj
c:\users\sarah\csc 481\projects\csc481hw4\csc481hw4server\release\playerdirectedmovement.obj
c:\users\sarah\csc 481\projects\csc481hw4\csc481hw4server\release\platformmovingcharacterhandler.obj
c:\users\sarah\csc 481\projects\csc481hw4\csc481hw4server\release\main.obj
c:\users\sarah\csc 481\projects\csc481hw4\csc481hw4server\release\locationinspace.obj
c:\users\sarah\csc 481\projects\csc481hw4\csc481hw4server\release\gravityhandler.obj
c:\users\sarah\csc 481\projects\csc481hw4\csc481hw4server\release\gravity.obj
c:\users\sarah\csc 481\projects\csc481hw4\csc481hw4server\release\gametimeline.obj
c:\users\sarah\csc 481\projects\csc481hw4\csc481hw4server\release\eventmanager.obj
c:\users\sarah\csc 481\projects\csc481hw4\csc481hw4server\release\eventhandler.obj
c:\users\sarah\csc 481\projects\csc481hw4\csc481hw4server\release\event.obj
c:\users\sarah\csc 481\projects\csc481hw4\csc481hw4server\release\collision.obj
c:\users\sarah\csc 481\projects\csc481hw4\csc481hw4server\release\characterspawnhandler.obj
c:\users\sarah\csc 481\projects\csc481hw4\csc481hw4server\release\characterdeathhandler.obj
c:\users\sarah\csc 481\projects\csc481hw4\csc481hw4server\release\charactercollisionhandler.obj
c:\users\sarah\csc 481\projects\csc481hw4\csc481hw4server\release\userinputhandler.obj
c:\users\sarah\csc 481\projects\csc481hw4\csc481hw4server\release\timeline.obj
c:\users\sarah\csc 481\projects\csc481hw4\csc481hw4server\release\serverclientpositioncommunication.obj
c:\users\sarah\csc 481\projects\csc481hw4\csc481hw4server\release\replayhandler.obj
c:\users\sarah\csc 481\projects\csc481hw4\release\csc481hw4server.ipdb
c:\users\sarah\csc 481\projects\csc481hw4\release\csc481hw4server.iobj
c:\users\sarah\csc 481\projects\csc481hw4\release\csc481hw4server.exe
c:\users\sarah\csc 481\projects\csc481hw4\release\csc481hw4server.pdb
c:\users\sarah\csc 481\projects\csc481hw4\csc481hw4server\release\csc481hw4server.tlog\cl.command.1.tlog
c:\users\sarah\csc 481\projects\csc481hw4\csc481hw4server\release\csc481hw4server.tlog\cl.read.1.tlog
c:\users\sarah\csc 481\projects\csc481hw4\csc481hw4server\release\csc481hw4server.tlog\cl.write.1.tlog
c:\users\sarah\csc 481\projects\csc481hw4\csc481hw4server\release\csc481hw4server.tlog\csc481hw4server.write.1u.tlog
c:\users\sarah\csc 481\projects\csc481hw4\csc481hw4server\release\csc481hw4server.tlog\link.command.1.tlog
c:\users\sarah\csc 481\projects\csc481hw4\csc481hw4server\release\csc481hw4server.tlog\link.read.1.tlog
c:\users\sarah\csc 481\projects\csc481hw4\csc481hw4server\release\csc481hw4server.tlog\link.write.1.tlog
